[ 2016-04-26T09:12:20+08:00 ] 127.0.0.1 /index.php/Admin/AuthManager/index
INFO: [ app_init ] --START--
INFO: Run Behavior\BuildLiteBehavior [ RunTime:0.000000s ]
INFO: [ app_init ] --END-- [ RunTime:0.001000s ]

[ 2016-04-26T09:12:23+08:00 ] 127.0.0.1 /index.php/Admin/Public/login.html
INFO: [ app_init ] --START--
INFO: Run Behavior\BuildLiteBehavior [ RunTime:0.000000s ]
INFO: [ app_init ] --END-- [ RunTime:0.001000s ]

[ 2016-04-26T09:12:32+08:00 ] 127.0.0.1 /index.php/Admin/Public/login.html
INFO: [ app_init ] --START--
INFO: Run Behavior\BuildLiteBehavior [ RunTime:0.000000s ]
INFO: [ app_init ] --END-- [ RunTime:0.001000s ]

[ 2016-04-26T09:12:35+08:00 ] 127.0.0.1 /index.php/Admin/Index/index.html
INFO: [ app_init ] --START--
INFO: Run Behavior\BuildLiteBehavior [ RunTime:0.000000s ]
INFO: [ app_init ] --END-- [ RunTime:0.001000s ]

[ 2016-04-26T09:12:42+08:00 ] 127.0.0.1 /index.php/Admin/Setting/site.html
INFO: [ app_init ] --START--
INFO: Run Behavior\BuildLiteBehavior [ RunTime:0.000000s ]
INFO: [ app_init ] --END-- [ RunTime:0.000000s ]
ERR: 模板不存在:./App/Admin/View/Setting/site.html

[ 2016-04-26T10:27:04+08:00 ] 127.0.0.1 /index.php/Admin/Setting/site.html
INFO: [ app_init ] --START--
INFO: Run Behavior\BuildLiteBehavior [ RunTime:0.000000s ]
INFO: [ app_init ] --END-- [ RunTime:0.001000s ]

[ 2016-04-26T10:40:47+08:00 ] 127.0.0.1 /index.php/Admin/Setting/site.html
INFO: [ app_init ] --START--
INFO: Run Behavior\BuildLiteBehavior [ RunTime:0.000000s ]
INFO: [ app_init ] --END-- [ RunTime:0.001000s ]

[ 2016-04-26T10:45:19+08:00 ] 127.0.0.1 /index.php/Admin/Setting/site.html
INFO: [ app_init ] --START--
INFO: Run Behavior\BuildLiteBehavior [ RunTime:0.000000s ]
INFO: [ app_init ] --END-- [ RunTime:0.000000s ]

[ 2016-04-26T10:49:05+08:00 ] 127.0.0.1 /index.php/Admin/Setting/site.html
INFO: [ app_init ] --START--
INFO: Run Behavior\BuildLiteBehavior [ RunTime:0.000000s ]
INFO: [ app_init ] --END-- [ RunTime:0.001000s ]

[ 2016-04-26T10:49:13+08:00 ] 127.0.0.1 /index.php/Admin/Setting/site.html
INFO: [ app_init ] --START--
INFO: Run Behavior\BuildLiteBehavior [ RunTime:0.000000s ]
INFO: [ app_init ] --END-- [ RunTime:0.001000s ]

[ 2016-04-26T10:49:41+08:00 ] 127.0.0.1 /index.php/Admin/Setting/site.html
INFO: [ app_init ] --START--
INFO: Run Behavior\BuildLiteBehavior [ RunTime:0.000000s ]
INFO: [ app_init ] --END-- [ RunTime:0.001000s ]

[ 2016-04-26T10:51:57+08:00 ] 127.0.0.1 /index.php/Admin/Setting/site.html
INFO: [ app_init ] --START--
INFO: Run Behavior\BuildLiteBehavior [ RunTime:0.000000s ]
INFO: [ app_init ] --END-- [ RunTime:0.001000s ]

[ 2016-04-26T10:52:22+08:00 ] 127.0.0.1 /index.php/Admin/Setting/site.html
INFO: [ app_init ] --START--
INFO: Run Behavior\BuildLiteBehavior [ RunTime:0.000000s ]
INFO: [ app_init ] --END-- [ RunTime:0.000000s ]

[ 2016-04-26T10:58:25+08:00 ] 127.0.0.1 /index.php/Admin/Setting/site.html
INFO: [ app_init ] --START--
INFO: Run Behavior\BuildLiteBehavior [ RunTime:0.000000s ]
INFO: [ app_init ] --END-- [ RunTime:0.001000s ]

[ 2016-04-26T10:59:07+08:00 ] 127.0.0.1 /index.php/Admin/Setting/site.html
INFO: [ app_init ] --START--
INFO: Run Behavior\BuildLiteBehavior [ RunTime:0.000000s ]
INFO: [ app_init ] --END-- [ RunTime:0.001000s ]

[ 2016-04-26T10:59:21+08:00 ] 127.0.0.1 /index.php/Admin/Setting/site.html
INFO: [ app_init ] --START--
INFO: Run Behavior\BuildLiteBehavior [ RunTime:0.000000s ]
INFO: [ app_init ] --END-- [ RunTime:0.000000s ]

[ 2016-04-26T10:59:36+08:00 ] 127.0.0.1 /index.php/Admin/Setting/site.html
INFO: [ app_init ] --START--
INFO: Run Behavior\BuildLiteBehavior [ RunTime:0.000000s ]
INFO: [ app_init ] --END-- [ RunTime:0.000000s ]

[ 2016-04-26T11:00:34+08:00 ] 127.0.0.1 /index.php/Admin/Setting/site.html
INFO: [ app_init ] --START--
INFO: Run Behavior\BuildLiteBehavior [ RunTime:0.000000s ]
INFO: [ app_init ] --END-- [ RunTime:0.001000s ]

[ 2016-04-26T11:02:57+08:00 ] 127.0.0.1 /index.php/Admin/Setting/site.html
INFO: [ app_init ] --START--
INFO: Run Behavior\BuildLiteBehavior [ RunTime:0.000000s ]
INFO: [ app_init ] --END-- [ RunTime:0.001000s ]

[ 2016-04-26T11:03:19+08:00 ] 127.0.0.1 /index.php/Admin/Setting/site.html
INFO: [ app_init ] --START--
INFO: Run Behavior\BuildLiteBehavior [ RunTime:0.000000s ]
INFO: [ app_init ] --END-- [ RunTime:0.000000s ]

[ 2016-04-26T11:03:34+08:00 ] 127.0.0.1 /index.php/Admin/Setting/site.html
INFO: [ app_init ] --START--
INFO: Run Behavior\BuildLiteBehavior [ RunTime:0.000000s ]
INFO: [ app_init ] --END-- [ RunTime:0.000000s ]

[ 2016-04-26T11:04:12+08:00 ] 127.0.0.1 /index.php/Admin/Setting/site.html
INFO: [ app_init ] --START--
INFO: Run Behavior\BuildLiteBehavior [ RunTime:0.000000s ]
INFO: [ app_init ] --END-- [ RunTime:0.000000s ]

[ 2016-04-26T13:20:56+08:00 ] 127.0.0.1 /index.php/Admin/Setting/site.html
INFO: [ app_init ] --START--
INFO: Run Behavior\BuildLiteBehavior [ RunTime:0.000000s ]
INFO: [ app_init ] --END-- [ RunTime:0.001000s ]

[ 2016-04-26T13:21:14+08:00 ] 127.0.0.1 /index.php/Admin/Setting/site.html
INFO: [ app_init ] --START--
INFO: Run Behavior\BuildLiteBehavior [ RunTime:0.000000s ]
INFO: [ app_init ] --END-- [ RunTime:0.000000s ]

[ 2016-04-26T14:03:24+08:00 ] 127.0.0.1 /index.php/Admin/Setting/site.html
INFO: [ app_init ] --START--
INFO: Run Behavior\BuildLiteBehavior [ RunTime:0.000000s ]
INFO: [ app_init ] --END-- [ RunTime:0.001000s ]

[ 2016-04-26T14:24:18+08:00 ] 127.0.0.1 /index.php/Admin/Setting/site.html
INFO: [ app_init ] --START--
INFO: Run Behavior\BuildLiteBehavior [ RunTime:0.000000s ]
INFO: [ app_init ] --END-- [ RunTime:0.000000s ]

[ 2016-04-26T14:27:05+08:00 ] 127.0.0.1 /index.php/Admin/Setting/site.html
INFO: [ app_init ] --START--
INFO: Run Behavior\BuildLiteBehavior [ RunTime:0.000000s ]
INFO: [ app_init ] --END-- [ RunTime:0.001000s ]

[ 2016-04-26T14:28:05+08:00 ] 127.0.0.1 /index.php/Admin/Setting/site.html
INFO: [ app_init ] --START--
INFO: Run Behavior\BuildLiteBehavior [ RunTime:0.000000s ]
INFO: [ app_init ] --END-- [ RunTime:0.001000s ]

[ 2016-04-26T14:59:25+08:00 ] 127.0.0.1 /index.php/Admin/Setting/site.html
INFO: [ app_init ] --START--
INFO: Run Behavior\BuildLiteBehavior [ RunTime:0.000000s ]
INFO: [ app_init ] --END-- [ RunTime:0.001000s ]

[ 2016-04-26T15:00:26+08:00 ] 127.0.0.1 /index.php/Admin/Setting/site.html
INFO: [ app_init ] --START--
INFO: Run Behavior\BuildLiteBehavior [ RunTime:0.000000s ]
INFO: [ app_init ] --END-- [ RunTime:0.000000s ]

[ 2016-04-26T15:00:59+08:00 ] 127.0.0.1 /index.php/Admin/Setting/site.html
INFO: [ app_init ] --START--
INFO: Run Behavior\BuildLiteBehavior [ RunTime:0.000000s ]
INFO: [ app_init ] --END-- [ RunTime:0.000000s ]

[ 2016-04-26T15:05:21+08:00 ] 127.0.0.1 /index.php/Admin/Setting/site.html
INFO: [ app_init ] --START--
INFO: Run Behavior\BuildLiteBehavior [ RunTime:0.000000s ]
INFO: [ app_init ] --END-- [ RunTime:0.001000s ]

[ 2016-04-26T15:08:27+08:00 ] 127.0.0.1 /index.php/Admin/Setting/site.html
INFO: [ app_init ] --START--
INFO: Run Behavior\BuildLiteBehavior [ RunTime:0.000000s ]
INFO: [ app_init ] --END-- [ RunTime:0.001000s ]

[ 2016-04-26T15:10:07+08:00 ] 127.0.0.1 /index.php/Admin/Setting/site.html
INFO: [ app_init ] --START--
INFO: Run Behavior\BuildLiteBehavior [ RunTime:0.001000s ]
INFO: [ app_init ] --END-- [ RunTime:0.002000s ]

[ 2016-04-26T15:12:37+08:00 ] 127.0.0.1 /index.php/Admin/Setting/site.html
INFO: [ app_init ] --START--
INFO: Run Behavior\BuildLiteBehavior [ RunTime:0.000000s ]
INFO: [ app_init ] --END-- [ RunTime:0.001000s ]

[ 2016-04-26T15:15:25+08:00 ] 127.0.0.1 /index.php/Admin/Setting/site.html
INFO: [ app_init ] --START--
INFO: Run Behavior\BuildLiteBehavior [ RunTime:0.000000s ]
INFO: [ app_init ] --END-- [ RunTime:0.001000s ]

[ 2016-04-26T15:17:36+08:00 ] 127.0.0.1 /index.php/Admin/Setting/site.html
INFO: [ app_init ] --START--
INFO: Run Behavior\BuildLiteBehavior [ RunTime:0.000000s ]
INFO: [ app_init ] --END-- [ RunTime:0.000000s ]

[ 2016-04-26T15:19:58+08:00 ] 127.0.0.1 /index.php/Admin/Setting/site.html
INFO: [ app_init ] --START--
INFO: Run Behavior\BuildLiteBehavior [ RunTime:0.000000s ]
INFO: [ app_init ] --END-- [ RunTime:0.000000s ]

[ 2016-04-26T15:21:00+08:00 ] 127.0.0.1 /index.php/Admin/Setting/site.html
INFO: [ app_init ] --START--
INFO: Run Behavior\BuildLiteBehavior [ RunTime:0.000000s ]
INFO: [ app_init ] --END-- [ RunTime:0.000000s ]

[ 2016-04-26T15:23:04+08:00 ] 127.0.0.1 /index.php/Admin/Setting/site.html
INFO: [ app_init ] --START--
INFO: Run Behavior\BuildLiteBehavior [ RunTime:0.000000s ]
INFO: [ app_init ] --END-- [ RunTime:0.000000s ]

[ 2016-04-26T15:23:26+08:00 ] 127.0.0.1 /index.php/Admin/Setting/site.html
INFO: [ app_init ] --START--
INFO: Run Behavior\BuildLiteBehavior [ RunTime:0.000000s ]
INFO: [ app_init ] --END-- [ RunTime:0.001000s ]

[ 2016-04-26T15:26:03+08:00 ] 127.0.0.1 /index.php/Admin/Setting/site.html
INFO: [ app_init ] --START--
INFO: Run Behavior\BuildLiteBehavior [ RunTime:0.000000s ]
INFO: [ app_init ] --END-- [ RunTime:0.001000s ]

[ 2016-04-26T15:28:04+08:00 ] 127.0.0.1 /index.php/Admin/Setting/site.html
INFO: [ app_init ] --START--
INFO: Run Behavior\BuildLiteBehavior [ RunTime:0.000000s ]
INFO: [ app_init ] --END-- [ RunTime:0.001000s ]

[ 2016-04-26T15:28:08+08:00 ] 127.0.0.1 /index.php/Admin/Setting/site_post.html
INFO: [ app_init ] --START--
INFO: Run Behavior\BuildLiteBehavior [ RunTime:0.000000s ]
INFO: [ app_init ] --END-- [ RunTime:0.000000s ]

[ 2016-04-26T15:29:41+08:00 ] 127.0.0.1 /index.php/Admin/Setting/site.html
INFO: [ app_init ] --START--
INFO: Run Behavior\BuildLiteBehavior [ RunTime:0.000000s ]
INFO: [ app_init ] --END-- [ RunTime:0.001000s ]

[ 2016-04-26T15:30:48+08:00 ] 127.0.0.1 /index.php/Admin/Setting/site.html
INFO: [ app_init ] --START--
INFO: Run Behavior\BuildLiteBehavior [ RunTime:0.000000s ]
INFO: [ app_init ] --END-- [ RunTime:0.001000s ]

[ 2016-04-26T15:31:00+08:00 ] 127.0.0.1 /index.php/Admin/Setting/site_post.html
INFO: [ app_init ] --START--
INFO: Run Behavior\BuildLiteBehavior [ RunTime:0.000000s ]
INFO: [ app_init ] --END-- [ RunTime:0.001000s ]

[ 2016-04-26T15:34:01+08:00 ] 127.0.0.1 /index.php/Admin/Setting/site.html
INFO: [ app_init ] --START--
INFO: Run Behavior\BuildLiteBehavior [ RunTime:0.000000s ]
INFO: [ app_init ] --END-- [ RunTime:0.000000s ]

[ 2016-04-26T15:34:06+08:00 ] 127.0.0.1 /index.php/Admin/Setting/site.html
INFO: [ app_init ] --START--
INFO: Run Behavior\BuildLiteBehavior [ RunTime:0.000000s ]
INFO: [ app_init ] --END-- [ RunTime:0.000000s ]

[ 2016-04-26T15:34:10+08:00 ] 127.0.0.1 /index.php/Admin/Setting/site_post.html
INFO: [ app_init ] --START--
INFO: Run Behavior\BuildLiteBehavior [ RunTime:0.000000s ]
INFO: [ app_init ] --END-- [ RunTime:0.001000s ]

[ 2016-04-26T15:34:35+08:00 ] 127.0.0.1 /index.php/Admin/Setting/site_post.html
INFO: [ app_init ] --START--
INFO: Run Behavior\BuildLiteBehavior [ RunTime:0.000000s ]
INFO: [ app_init ] --END-- [ RunTime:0.001000s ]

[ 2016-04-26T15:51:42+08:00 ] 127.0.0.1 /index.php/Admin/Setting/site_post.html
INFO: [ app_init ] --START--
INFO: Run Behavior\BuildLiteBehavior [ RunTime:0.000000s ]
INFO: [ app_init ] --END-- [ RunTime:0.001000s ]

[ 2016-04-26T15:51:49+08:00 ] 127.0.0.1 /index.php/Admin/Setting/site.html
INFO: [ app_init ] --START--
INFO: Run Behavior\BuildLiteBehavior [ RunTime:0.000000s ]
INFO: [ app_init ] --END-- [ RunTime:0.001000s ]

[ 2016-04-26T15:51:52+08:00 ] 127.0.0.1 /index.php/Admin/Setting/site_post.html
INFO: [ app_init ] --START--
INFO: Run Behavior\BuildLiteBehavior [ RunTime:0.000000s ]
INFO: [ app_init ] --END-- [ RunTime:0.001000s ]

[ 2016-04-26T16:06:43+08:00 ] 127.0.0.1 /index.php/Admin/Setting/site.html
INFO: [ app_init ] --START--
INFO: Run Behavior\BuildLiteBehavior [ RunTime:0.000000s ]
INFO: [ app_init ] --END-- [ RunTime:0.001000s ]

[ 2016-04-26T16:06:47+08:00 ] 127.0.0.1 /index.php/Admin/Setting/site_post.html
INFO: [ app_init ] --START--
INFO: Run Behavior\BuildLiteBehavior [ RunTime:0.000000s ]
INFO: [ app_init ] --END-- [ RunTime:0.000000s ]
ERR: 1064:You have an error in your SQL syntax; check the manual that corresponds to your MySQL server version for the right syntax to use near 'WHERE ( name=WEB_SITE_TITLE )' at line 1
 [ SQL语句 ] : UPDATE `tp_option` SET  WHERE ( name=WEB_SITE_TITLE )

[ 2016-04-26T16:09:30+08:00 ] 127.0.0.1 /index.php/Admin/Setting/site_post.html
INFO: [ app_init ] --START--
INFO: Run Behavior\BuildLiteBehavior [ RunTime:0.000000s ]
INFO: [ app_init ] --END-- [ RunTime:0.001001s ]

[ 2016-04-26T16:10:13+08:00 ] 127.0.0.1 /index.php/Admin/Setting/site_post.html
INFO: [ app_init ] --START--
INFO: Run Behavior\BuildLiteBehavior [ RunTime:0.000000s ]
INFO: [ app_init ] --END-- [ RunTime:0.000000s ]

[ 2016-04-26T16:10:45+08:00 ] 127.0.0.1 /index.php/Admin/Setting/site_post.html
INFO: [ app_init ] --START--
INFO: Run Behavior\BuildLiteBehavior [ RunTime:0.000000s ]
INFO: [ app_init ] --END-- [ RunTime:0.001000s ]

[ 2016-04-26T16:10:53+08:00 ] 127.0.0.1 /index.php/Admin/Setting/site_post.html
INFO: [ app_init ] --START--
INFO: Run Behavior\BuildLiteBehavior [ RunTime:0.000000s ]
INFO: [ app_init ] --END-- [ RunTime:0.001001s ]

[ 2016-04-26T16:13:57+08:00 ] 127.0.0.1 /index.php/Admin/Setting/site.html
INFO: [ app_init ] --START--
INFO: Run Behavior\BuildLiteBehavior [ RunTime:0.000000s ]
INFO: [ app_init ] --END-- [ RunTime:0.000000s ]

[ 2016-04-26T16:14:03+08:00 ] 127.0.0.1 /index.php/Admin/Setting/site_post.html
INFO: [ app_init ] --START--
INFO: Run Behavior\BuildLiteBehavior [ RunTime:0.000000s ]
INFO: [ app_init ] --END-- [ RunTime:0.000000s ]

[ 2016-04-26T16:15:20+08:00 ] 127.0.0.1 /index.php/Admin/Setting/site.html
INFO: [ app_init ] --START--
INFO: Run Behavior\BuildLiteBehavior [ RunTime:0.000000s ]
INFO: [ app_init ] --END-- [ RunTime:0.001000s ]

[ 2016-04-26T16:15:26+08:00 ] 127.0.0.1 /index.php/Admin/Setting/site_post.html
INFO: [ app_init ] --START--
INFO: Run Behavior\BuildLiteBehavior [ RunTime:0.000000s ]
INFO: [ app_init ] --END-- [ RunTime:0.001000s ]

[ 2016-04-26T16:18:34+08:00 ] 127.0.0.1 /index.php/Admin/Setting/site_post.html
INFO: [ app_init ] --START--
INFO: Run Behavior\BuildLiteBehavior [ RunTime:0.000000s ]
INFO: [ app_init ] --END-- [ RunTime:0.001000s ]

[ 2016-04-26T16:18:45+08:00 ] 127.0.0.1 /index.php/Admin/Setting/site_post.html
INFO: [ app_init ] --START--
INFO: Run Behavior\BuildLiteBehavior [ RunTime:0.000000s ]
INFO: [ app_init ] --END-- [ RunTime:0.001000s ]

[ 2016-04-26T16:19:35+08:00 ] 127.0.0.1 /index.php/Admin/Setting/site.html
INFO: [ app_init ] --START--
INFO: Run Behavior\BuildLiteBehavior [ RunTime:0.000000s ]
INFO: [ app_init ] --END-- [ RunTime:0.001000s ]

[ 2016-04-26T16:19:42+08:00 ] 127.0.0.1 /index.php/Admin/Setting/site_post.html
INFO: [ app_init ] --START--
INFO: Run Behavior\BuildLiteBehavior [ RunTime:0.000000s ]
INFO: [ app_init ] --END-- [ RunTime:0.001000s ]
ERR: 1054:Unknown column 'WEB_SITE_TITLE' in 'where clause'
 [ SQL语句 ] : UPDATE `tp_option` SET `option_value`='TPCMS内容管理系统1' WHERE ( name=WEB_SITE_TITLE )

[ 2016-04-26T16:20:26+08:00 ] 127.0.0.1 /index.php/Admin/Setting/site_post.html
INFO: [ app_init ] --START--
INFO: Run Behavior\BuildLiteBehavior [ RunTime:0.000000s ]
INFO: [ app_init ] --END-- [ RunTime:0.000000s ]
ERR: 1054:Unknown column 'WEB_SITE_TITLE' in 'where clause'
 [ SQL语句 ] : UPDATE `tp_option` SET `option_value`='TPCMS内容管理系统1' WHERE ( name=WEB_SITE_TITLE )

[ 2016-04-26T16:22:02+08:00 ] 127.0.0.1 /index.php/Admin/Setting/site_post.html
INFO: [ app_init ] --START--
INFO: Run Behavior\BuildLiteBehavior [ RunTime:0.000000s ]
INFO: [ app_init ] --END-- [ RunTime:0.001000s ]
ERR: 1054:Unknown column 'WEB_SITE_TITLE' in 'where clause'
 [ SQL语句 ] : UPDATE `tp_option` SET `option_value`='TPCMS内容管理系统1' WHERE ( name=WEB_SITE_TITLE )

[ 2016-04-26T16:22:06+08:00 ] 127.0.0.1 /index.php/Admin/Setting/site.html
INFO: [ app_init ] --START--
INFO: Run Behavior\BuildLiteBehavior [ RunTime:0.000000s ]
INFO: [ app_init ] --END-- [ RunTime:0.001000s ]

[ 2016-04-26T16:22:12+08:00 ] 127.0.0.1 /index.php/Admin/Setting/site_post.html
INFO: [ app_init ] --START--
INFO: Run Behavior\BuildLiteBehavior [ RunTime:0.000000s ]
INFO: [ app_init ] --END-- [ RunTime:0.000000s ]
ERR: 1054:Unknown column 'WEB_SITE_TITLE' in 'where clause'
 [ SQL语句 ] : UPDATE `tp_option` SET `option_value`='TPCMS内容管理系统1' WHERE ( name=WEB_SITE_TITLE )

[ 2016-04-26T16:28:31+08:00 ] 127.0.0.1 /index.php/Admin/Setting/site_post.html
INFO: [ app_init ] --START--
INFO: Run Behavior\BuildLiteBehavior [ RunTime:0.000000s ]
INFO: [ app_init ] --END-- [ RunTime:0.001000s ]

[ 2016-04-26T16:41:29+08:00 ] 127.0.0.1 /index.php/Admin/Setting/site.html
INFO: [ app_init ] --START--
INFO: Run Behavior\BuildLiteBehavior [ RunTime:0.000000s ]
INFO: [ app_init ] --END-- [ RunTime:0.001000s ]

[ 2016-04-26T16:41:57+08:00 ] 127.0.0.1 /index.php/Admin/Setting/site.html
INFO: [ app_init ] --START--
INFO: Run Behavior\BuildLiteBehavior [ RunTime:0.000000s ]
INFO: [ app_init ] --END-- [ RunTime:0.001000s ]

[ 2016-04-26T17:24:24+08:00 ] 127.0.0.1 /index.php/Admin/Setting/site.html
INFO: [ app_init ] --START--
INFO: Run Behavior\BuildLiteBehavior [ RunTime:0.000000s ]
INFO: [ app_init ] --END-- [ RunTime:0.001000s ]

[ 2016-04-26T17:24:29+08:00 ] 127.0.0.1 /index.php/Admin/Setting/site_post.html
INFO: [ app_init ] --START--
INFO: Run Behavior\BuildLiteBehavior [ RunTime:0.000000s ]
INFO: [ app_init ] --END-- [ RunTime:0.001000s ]

[ 2016-04-26T17:25:55+08:00 ] 127.0.0.1 /index.php/Admin/Setting/site.html
INFO: [ app_init ] --START--
INFO: Run Behavior\BuildLiteBehavior [ RunTime:0.001001s ]
INFO: [ app_init ] --END-- [ RunTime:0.001001s ]

[ 2016-04-26T17:26:04+08:00 ] 127.0.0.1 /index.php/Admin/Setting/site_post.html
INFO: [ app_init ] --START--
INFO: Run Behavior\BuildLiteBehavior [ RunTime:0.000000s ]
INFO: [ app_init ] --END-- [ RunTime:0.000000s ]

[ 2016-04-26T17:26:10+08:00 ] 127.0.0.1 /index.php/Admin/Setting/site.html
INFO: [ app_init ] --START--
INFO: Run Behavior\BuildLiteBehavior [ RunTime:0.000000s ]
INFO: [ app_init ] --END-- [ RunTime:0.000000s ]

[ 2016-04-26T17:27:27+08:00 ] 127.0.0.1 /index.php/Admin/Setting/site.html
INFO: [ app_init ] --START--
INFO: Run Behavior\BuildLiteBehavior [ RunTime:0.000000s ]
INFO: [ app_init ] --END-- [ RunTime:0.000000s ]

[ 2016-04-26T17:27:36+08:00 ] 127.0.0.1 /index.php/Admin/Setting/site_post.html
INFO: [ app_init ] --START--
INFO: Run Behavior\BuildLiteBehavior [ RunTime:0.000000s ]
INFO: [ app_init ] --END-- [ RunTime:0.001000s ]

[ 2016-04-26T17:27:42+08:00 ] 127.0.0.1 /index.php/Admin/Setting/site.html
INFO: [ app_init ] --START--
INFO: Run Behavior\BuildLiteBehavior [ RunTime:0.000000s ]
INFO: [ app_init ] --END-- [ RunTime:0.001000s ]

[ 2016-04-26T17:33:52+08:00 ] 127.0.0.1 /index.php/Admin/Setting/site.html
INFO: [ app_init ] --START--
INFO: Run Behavior\BuildLiteBehavior [ RunTime:0.000000s ]
INFO: [ app_init ] --END-- [ RunTime:0.001000s ]

[ 2016-04-26T17:37:41+08:00 ] 127.0.0.1 /index.php/Admin/Setting/site.html
INFO: [ app_init ] --START--
INFO: Run Behavior\BuildLiteBehavior [ RunTime:0.000000s ]
INFO: [ app_init ] --END-- [ RunTime:0.001000s ]

[ 2016-04-26T17:37:58+08:00 ] 127.0.0.1 /index.php/Admin/Setting/site.html
INFO: [ app_init ] --START--
INFO: Run Behavior\BuildLiteBehavior [ RunTime:0.000000s ]
INFO: [ app_init ] --END-- [ RunTime:0.001000s ]

[ 2016-04-26T17:38:04+08:00 ] 127.0.0.1 /index.php/Admin/Setting/site_post.html
INFO: [ app_init ] --START--
INFO: Run Behavior\BuildLiteBehavior [ RunTime:0.000000s ]
INFO: [ app_init ] --END-- [ RunTime:0.001000s ]

[ 2016-04-26T17:38:41+08:00 ] 127.0.0.1 /index.php/Admin/Setting/site_post.html
INFO: [ app_init ] --START--
INFO: Run Behavior\BuildLiteBehavior [ RunTime:0.000000s ]
INFO: [ app_init ] --END-- [ RunTime:0.001000s ]

[ 2016-04-26T17:38:49+08:00 ] 127.0.0.1 /index.php/Admin/Setting/site.html
INFO: [ app_init ] --START--
INFO: Run Behavior\BuildLiteBehavior [ RunTime:0.000000s ]
INFO: [ app_init ] --END-- [ RunTime:0.000000s ]

[ 2016-04-26T17:40:25+08:00 ] 127.0.0.1 /index.php/Admin/Setting/site.html
INFO: [ app_init ] --START--
INFO: Run Behavior\BuildLiteBehavior [ RunTime:0.000000s ]
INFO: [ app_init ] --END-- [ RunTime:0.001000s ]

[ 2016-04-26T17:40:30+08:00 ] 127.0.0.1 /index.php/Admin/Setting/site_post.html
INFO: [ app_init ] --START--
INFO: Run Behavior\BuildLiteBehavior [ RunTime:0.001000s ]
INFO: [ app_init ] --END-- [ RunTime:0.001000s ]

[ 2016-04-26T17:41:40+08:00 ] 127.0.0.1 /index.php/Admin/Setting/site.html
INFO: [ app_init ] --START--
INFO: Run Behavior\BuildLiteBehavior [ RunTime:0.000000s ]
INFO: [ app_init ] --END-- [ RunTime:0.001000s ]

[ 2016-04-26T17:41:44+08:00 ] 127.0.0.1 /index.php/Admin/Setting/site_post.html
INFO: [ app_init ] --START--
INFO: Run Behavior\BuildLiteBehavior [ RunTime:0.000000s ]
INFO: [ app_init ] --END-- [ RunTime:0.001000s ]

[ 2016-04-26T17:42:51+08:00 ] 127.0.0.1 /index.php/Admin/Setting/site_post.html
INFO: [ app_init ] --START--
INFO: Run Behavior\BuildLiteBehavior [ RunTime:0.000000s ]
INFO: [ app_init ] --END-- [ RunTime:0.001000s ]

[ 2016-04-26T17:43:56+08:00 ] 127.0.0.1 /index.php/Admin/Setting/site_post.html
INFO: [ app_init ] --START--
INFO: Run Behavior\BuildLiteBehavior [ RunTime:0.001000s ]
INFO: [ app_init ] --END-- [ RunTime:0.001000s ]

